TN:
SF:/home/anirudh/vue-countdown/src/vue-countdown.vue
FNF:0
FNH:0
DA:26,9
DA:37,9
DA:38,8
DA:41,1
DA:46,9
DA:48,9
DA:49,9
DA:51,9
DA:52,9
DA:56,9
DA:57,0
DA:60,9
DA:61,1
DA:64,9
DA:68,9
DA:69,7
DA:72,9
DA:74,9
DA:75,9
DA:80,15
DA:81,15
DA:85,3
DA:87,3
DA:93,2
DA:94,1
DA:96,1
LF:26
LH:25
BRDA:29,0,0,1
BRDA:29,0,1,8
BRDA:30,1,0,1
BRDA:30,1,1,8
BRDA:37,2,0,8
BRDA:37,2,1,1
BRDA:56,3,0,0
BRDA:56,3,1,9
BRDA:56,4,0,9
BRDA:56,4,1,8
BRDA:60,5,0,1
BRDA:60,5,1,8
BRDA:68,6,0,7
BRDA:68,6,1,2
BRDA:93,7,0,1
BRDA:93,7,1,1
BRF:16
BRH:15
end_of_record
